build/app/intermediates/manifest_merge_blame_file/release/manifest-merger-blame-release-report.txt
1<?xml version="1.0" encoding="utf-8"?>
2<manifest xmlns:android="http://schemas.android.com/apk/res/android"
3    package="com.hamurr.alidemircan"
4    android:versionCode="1"
5    android:versionName="1.0" >
6
7    <uses-sdk
8        android:minSdkVersion="21"
8-->src\main\AndroidManifest.xml
9        android:targetSdkVersion="28" />
9-->src\main\AndroidManifest.xml
10
11    <!--
12         The INTERNET permission is required for development. Specifically,
13         flutter needs it to communicate with the running application
14         to allow setting breakpoints, to provide hot reload, etc.
15    -->
16    <uses-permission android:name="android.permission.INTERNET" />
16-->src\main\AndroidManifest.xml:8:5-66
16-->src\main\AndroidManifest.xml:8:22-64
17    <!-- Although the *SdkVersion is captured in gradle build files, this is required for non gradle builds -->
18    <!-- <uses-sdk android:minSdkVersion="14" /> -->
19    <uses-permission android:name="android.permission.ACCESS_NETWORK_STATE" />
19-->[com.google.firebase:firebase-firestore:21.3.0] AndroidManifest.xml:13:5-79
19-->[com.google.firebase:firebase-firestore:21.3.0] AndroidManifest.xml:13:22-76
20    <uses-permission android:name="android.permission.WAKE_LOCK" /> <!-- Required by older versions of Google Play services to create IID tokens -->
20-->[com.google.firebase:firebase-iid:20.0.1] AndroidManifest.xml:24:5-68
20-->[com.google.firebase:firebase-iid:20.0.1] AndroidManifest.xml:24:22-65
21    <uses-permission android:name="com.google.android.c2dm.permission.RECEIVE" />
21-->[com.google.firebase:firebase-iid:20.0.1] AndroidManifest.xml:26:5-82
21-->[com.google.firebase:firebase-iid:20.0.1] AndroidManifest.xml:26:22-79
22    <!--
23 io.flutter.app.FlutterApplication is an android.app.Application that
24         calls FlutterMain.startInitialization(this); in its onCreate method.
25         In most cases you can leave this as-is, but you if you want to provide
26         additional functionality it is fine to subclass or reimplement
27         FlutterApplication and put your custom class here.
28    -->
29    <application
29-->src\main\AndroidManifest.xml:15:5-38:19
30        android:name="io.flutter.app.FlutterApplication"
30-->src\main\AndroidManifest.xml:16:9-57
31        android:appComponentFactory="androidx.core.app.CoreComponentFactory"
31-->[androidx.core:core:1.0.0] AndroidManifest.xml:22:18-86
32        android:icon="@drawable/logo"
32-->src\main\AndroidManifest.xml:18:9-38
33        android:label="DevbaseTodoApp" >
33-->src\main\AndroidManifest.xml:17:9-39
34        <activity
34-->src\main\AndroidManifest.xml:19:9-37:20
35            android:name="com.example.flutterlogindemo.MainActivity"
35-->src\main\AndroidManifest.xml:20:13-41
36            android:configChanges="orientation|keyboardHidden|keyboard|screenSize|locale|layoutDirection|fontScale|screenLayout|density"
36-->src\main\AndroidManifest.xml:23:13-137
37            android:hardwareAccelerated="true"
37-->src\main\AndroidManifest.xml:24:13-47
38            android:launchMode="singleTop"
38-->src\main\AndroidManifest.xml:21:13-43
39            android:theme="@style/LaunchTheme"
39-->src\main\AndroidManifest.xml:22:13-47
40            android:windowSoftInputMode="adjustResize" >
40-->src\main\AndroidManifest.xml:25:13-55
41
42            <!--
43                 This keeps the window background of the activity showing
44                 until Flutter renders its first frame. It can be removed if
45                 there is no splash screen (such as the default splash screen
46                 defined in @style/LaunchTheme).
47            -->
48            <meta-data
48-->src\main\AndroidManifest.xml:30:13-32:40
49                android:name="io.flutter.app.android.SplashScreenUntilFirstFrame"
49-->src\main\AndroidManifest.xml:31:17-82
50                android:value="true" />
50-->src\main\AndroidManifest.xml:32:17-37
51
52            <intent-filter>
52-->src\main\AndroidManifest.xml:33:13-36:29
53                <action android:name="android.intent.action.MAIN" />
53-->src\main\AndroidManifest.xml:34:17-68
53-->src\main\AndroidManifest.xml:34:25-66
54
55                <category android:name="android.intent.category.LAUNCHER" />
55-->src\main\AndroidManifest.xml:35:17-76
55-->src\main\AndroidManifest.xml:35:27-74
56            </intent-filter>
57        </activity>
58
59        <service
59-->[:firebase_auth] AndroidManifest.xml:8:9-12:19
60            android:name="com.google.firebase.components.ComponentDiscoveryService"
60-->[:firebase_auth] AndroidManifest.xml:8:18-89
61            android:directBootAware="true"
61-->[com.google.firebase:firebase-common:19.3.0] AndroidManifest.xml:34:13-43
62            android:exported="false" >
62-->[com.google.firebase:firebase-auth:17.0.0] AndroidManifest.xml:35:13-37
63            <meta-data
63-->[:firebase_auth] AndroidManifest.xml:9:13-11:85
64                android:name="com.google.firebase.components:io.flutter.plugins.firebaseauth.FlutterFirebaseAppRegistrar"
64-->[:firebase_auth] AndroidManifest.xml:10:17-122
65                android:value="com.google.firebase.components.ComponentRegistrar" />
65-->[:firebase_auth] AndroidManifest.xml:11:17-82
66            <meta-data
66-->[:cloud_firestore] AndroidManifest.xml:9:13-11:85
67                android:name="com.google.firebase.components:io.flutter.plugins.firebase.cloudfirestore.FlutterFirebaseAppRegistrar"
67-->[:cloud_firestore] AndroidManifest.xml:10:17-133
68                android:value="com.google.firebase.components.ComponentRegistrar" />
68-->[:cloud_firestore] AndroidManifest.xml:11:17-82
69            <meta-data
69-->[:firebase_database] AndroidManifest.xml:9:13-11:85
70                android:name="com.google.firebase.components:io.flutter.plugins.firebase.database.FlutterFirebaseAppRegistrar"
70-->[:firebase_database] AndroidManifest.xml:10:17-127
71                android:value="com.google.firebase.components.ComponentRegistrar" />
71-->[:firebase_database] AndroidManifest.xml:11:17-82
72            <meta-data
72-->[:firebase_core] AndroidManifest.xml:9:13-11:85
73                android:name="com.google.firebase.components:io.flutter.plugins.firebase.core.FlutterFirebaseAppRegistrar"
73-->[:firebase_core] AndroidManifest.xml:10:17-123
74                android:value="com.google.firebase.components.ComponentRegistrar" />
74-->[:firebase_core] AndroidManifest.xml:11:17-82
75            <meta-data
75-->[:firebase_messaging] AndroidManifest.xml:14:13-16:85
76                android:name="com.google.firebase.components:io.flutter.plugins.firebasemessaging.FlutterFirebaseAppRegistrar"
76-->[:firebase_messaging] AndroidManifest.xml:15:17-127
77                android:value="com.google.firebase.components.ComponentRegistrar" />
77-->[:firebase_messaging] AndroidManifest.xml:16:17-82
78            <meta-data
78-->[com.google.firebase:firebase-auth:17.0.0] AndroidManifest.xml:36:13-38:85
79                android:name="com.google.firebase.components:com.google.firebase.auth.FirebaseAuthRegistrar"
79-->[com.google.firebase:firebase-auth:17.0.0] AndroidManifest.xml:37:17-109
80                android:value="com.google.firebase.components.ComponentRegistrar" />
80-->[com.google.firebase:firebase-auth:17.0.0] AndroidManifest.xml:38:17-82
81            <meta-data
81-->[com.google.firebase:firebase-firestore:21.3.0] AndroidManifest.xml:20:13-22:85
82                android:name="com.google.firebase.components:com.google.firebase.firestore.FirestoreRegistrar"
82-->[com.google.firebase:firebase-firestore:21.3.0] AndroidManifest.xml:21:17-111
83                android:value="com.google.firebase.components.ComponentRegistrar" />
83-->[com.google.firebase:firebase-firestore:21.3.0] AndroidManifest.xml:22:17-82
84            <meta-data
84-->[com.google.firebase:firebase-database:17.0.0] AndroidManifest.xml:30:13-32:85
85                android:name="com.google.firebase.components:com.google.firebase.database.DatabaseRegistrar"
85-->[com.google.firebase:firebase-database:17.0.0] AndroidManifest.xml:31:17-109
86                android:value="com.google.firebase.components.ComponentRegistrar" />
86-->[com.google.firebase:firebase-database:17.0.0] AndroidManifest.xml:32:17-82
87            <meta-data
87-->[com.google.firebase:firebase-iid:20.0.1] AndroidManifest.xml:32:13-34:85
88                android:name="com.google.firebase.components:com.google.firebase.iid.Registrar"
88-->[com.google.firebase:firebase-iid:20.0.1] AndroidManifest.xml:33:17-96
89                android:value="com.google.firebase.components.ComponentRegistrar" />
89-->[com.google.firebase:firebase-iid:20.0.1] AndroidManifest.xml:34:17-82
90        </service>
91        <service android:name="io.flutter.plugins.firebasemessaging.FlutterFirebaseMessagingService" >
91-->[:firebase_messaging] AndroidManifest.xml:8:9-12:19
91-->[:firebase_messaging] AndroidManifest.xml:8:18-101
92            <intent-filter>
92-->[:firebase_messaging] AndroidManifest.xml:9:13-11:29
93                <action android:name="com.google.firebase.MESSAGING_EVENT" />
93-->[:firebase_messaging] AndroidManifest.xml:10:17-78
93-->[:firebase_messaging] AndroidManifest.xml:10:25-75
94            </intent-filter>
95        </service>
96
97        <activity
97-->[com.google.firebase:firebase-auth:17.0.0] AndroidManifest.xml:24:9-31:50
98            android:name="com.google.firebase.auth.internal.FederatedSignInActivity"
98-->[com.google.firebase:firebase-auth:17.0.0] AndroidManifest.xml:25:13-85
99            android:excludeFromRecents="true"
99-->[com.google.firebase:firebase-auth:17.0.0] AndroidManifest.xml:26:13-46
100            android:exported="true"
100-->[com.google.firebase:firebase-auth:17.0.0] AndroidManifest.xml:27:13-36
101            android:launchMode="singleTask"
101-->[com.google.firebase:firebase-auth:17.0.0] AndroidManifest.xml:28:13-44
102            android:permission="com.google.firebase.auth.api.gms.permission.LAUNCH_FEDERATED_SIGN_IN"
102-->[com.google.firebase:firebase-auth:17.0.0] AndroidManifest.xml:29:13-102
103            android:theme="@android:style/Theme.Translucent.NoTitleBar" />
103-->[com.google.firebase:firebase-auth:17.0.0] AndroidManifest.xml:30:13-72
104        <!--
105             FirebaseMessagingService performs security checks at runtime,
106             but set to not exported to explicitly avoid allowing another app to call it.
107        -->
108        <service
108-->[com.google.firebase:firebase-messaging:20.0.1] AndroidManifest.xml:28:9-34:19
109            android:name="com.google.firebase.messaging.FirebaseMessagingService"
109-->[com.google.firebase:firebase-messaging:20.0.1] AndroidManifest.xml:29:13-82
110            android:exported="false" >
110-->[com.google.firebase:firebase-messaging:20.0.1] AndroidManifest.xml:30:13-37
111            <intent-filter android:priority="-500" >
111-->[:firebase_messaging] AndroidManifest.xml:9:13-11:29
112                <action android:name="com.google.firebase.MESSAGING_EVENT" />
112-->[:firebase_messaging] AndroidManifest.xml:10:17-78
112-->[:firebase_messaging] AndroidManifest.xml:10:25-75
113            </intent-filter>
114        </service>
115
116        <receiver
116-->[com.google.firebase:firebase-iid:20.0.1] AndroidManifest.xml:37:9-44:20
117            android:name="com.google.firebase.iid.FirebaseInstanceIdReceiver"
117-->[com.google.firebase:firebase-iid:20.0.1] AndroidManifest.xml:38:13-78
118            android:exported="true"
118-->[com.google.firebase:firebase-iid:20.0.1] AndroidManifest.xml:39:13-36
119            android:permission="com.google.android.c2dm.permission.SEND" >
119-->[com.google.firebase:firebase-iid:20.0.1] AndroidManifest.xml:40:13-73
120            <intent-filter>
120-->[com.google.firebase:firebase-iid:20.0.1] AndroidManifest.xml:41:13-43:29
121                <action android:name="com.google.android.c2dm.intent.RECEIVE" />
121-->[com.google.firebase:firebase-iid:20.0.1] AndroidManifest.xml:42:17-81
121-->[com.google.firebase:firebase-iid:20.0.1] AndroidManifest.xml:42:25-78
122            </intent-filter>
123        </receiver>
124
125        <provider
125-->[com.google.firebase:firebase-common:19.3.0] AndroidManifest.xml:26:9-30:39
126            android:name="com.google.firebase.provider.FirebaseInitProvider"
126-->[com.google.firebase:firebase-common:19.3.0] AndroidManifest.xml:27:13-77
127            android:authorities="com.hamurr.alidemircan.firebaseinitprovider"
127-->[com.google.firebase:firebase-common:19.3.0] AndroidManifest.xml:28:13-72
128            android:exported="false"
128-->[com.google.firebase:firebase-common:19.3.0] AndroidManifest.xml:29:13-37
129            android:initOrder="100" />
129-->[com.google.firebase:firebase-common:19.3.0] AndroidManifest.xml:30:13-36
130
131        <activity
131-->[com.google.android.gms:play-services-base:17.0.0] AndroidManifest.xml:23:9-26:75
132            android:name="com.google.android.gms.common.api.GoogleApiActivity"
132-->[com.google.android.gms:play-services-base:17.0.0] AndroidManifest.xml:24:13-79
133            android:exported="false"
133-->[com.google.android.gms:play-services-base:17.0.0] AndroidManifest.xml:25:13-37
134            android:theme="@android:style/Theme.Translucent.NoTitleBar" />
134-->[com.google.android.gms:play-services-base:17.0.0] AndroidManifest.xml:26:13-72
135
136        <meta-data
136-->[com.google.android.gms:play-services-basement:17.0.0] AndroidManifest.xml:23:9-25:69
137            android:name="com.google.android.gms.version"
137-->[com.google.android.gms:play-services-basement:17.0.0] AndroidManifest.xml:24:13-58
138            android:value="@integer/google_play_services_version" />
138-->[com.google.android.gms:play-services-basement:17.0.0] AndroidManifest.xml:25:13-66
139    </application>
140
141</manifest>